0 info it worked if it ends with ok
1 verbose cli [ 'C:\\Program Files\\nodejs\\node.exe',
1 verbose cli   'C:\\Program Files\\nodejs\\node_modules\\npm\\bin\\npm-cli.js',
1 verbose cli   'install' ]
2 info using npm@3.10.10
3 info using node@v6.9.5
4 silly loadCurrentTree Starting
5 silly install loadCurrentTree
6 silly install readLocalPackageData
7 silly install normalizeTree
8 silly loadCurrentTree Finishing
9 silly loadIdealTree Starting
10 silly install loadIdealTree
11 silly cloneCurrentTree Starting
12 silly install cloneCurrentTreeToIdealTree
13 silly cloneCurrentTree Finishing
14 silly loadShrinkwrap Starting
15 silly install loadShrinkwrap
16 silly loadShrinkwrap Finishing
17 silly loadAllDepsIntoIdealTree Starting
18 silly install loadAllDepsIntoIdealTree
19 silly fetchNamedPackageData axios
20 silly mapToRegistry name axios
21 silly mapToRegistry using default registry
22 silly mapToRegistry registry https://registry.npmjs.org/
23 silly mapToRegistry data Result {
23 silly mapToRegistry   raw: 'axios',
23 silly mapToRegistry   scope: null,
23 silly mapToRegistry   escapedName: 'axios',
23 silly mapToRegistry   name: 'axios',
23 silly mapToRegistry   rawSpec: '',
23 silly mapToRegistry   spec: 'latest',
23 silly mapToRegistry   type: 'tag' }
24 silly mapToRegistry uri https://registry.npmjs.org/axios
25 silly fetchNamedPackageData bootstrap-sass
26 silly mapToRegistry name bootstrap-sass
27 silly mapToRegistry using default registry
28 silly mapToRegistry registry https://registry.npmjs.org/
29 silly mapToRegistry data Result {
29 silly mapToRegistry   raw: 'bootstrap-sass',
29 silly mapToRegistry   scope: null,
29 silly mapToRegistry   escapedName: 'bootstrap-sass',
29 silly mapToRegistry   name: 'bootstrap-sass',
29 silly mapToRegistry   rawSpec: '',
29 silly mapToRegistry   spec: 'latest',
29 silly mapToRegistry   type: 'tag' }
30 silly mapToRegistry uri https://registry.npmjs.org/bootstrap-sass
31 silly fetchNamedPackageData cross-env
32 silly mapToRegistry name cross-env
33 silly mapToRegistry using default registry
34 silly mapToRegistry registry https://registry.npmjs.org/
35 silly mapToRegistry data Result {
35 silly mapToRegistry   raw: 'cross-env',
35 silly mapToRegistry   scope: null,
35 silly mapToRegistry   escapedName: 'cross-env',
35 silly mapToRegistry   name: 'cross-env',
35 silly mapToRegistry   rawSpec: '',
35 silly mapToRegistry   spec: 'latest',
35 silly mapToRegistry   type: 'tag' }
36 silly mapToRegistry uri https://registry.npmjs.org/cross-env
37 silly fetchNamedPackageData jquery
38 silly mapToRegistry name jquery
39 silly mapToRegistry using default registry
40 silly mapToRegistry registry https://registry.npmjs.org/
41 silly mapToRegistry data Result {
41 silly mapToRegistry   raw: 'jquery',
41 silly mapToRegistry   scope: null,
41 silly mapToRegistry   escapedName: 'jquery',
41 silly mapToRegistry   name: 'jquery',
41 silly mapToRegistry   rawSpec: '',
41 silly mapToRegistry   spec: 'latest',
41 silly mapToRegistry   type: 'tag' }
42 silly mapToRegistry uri https://registry.npmjs.org/jquery
43 silly fetchNamedPackageData laravel-mix
44 silly mapToRegistry name laravel-mix
45 silly mapToRegistry using default registry
46 silly mapToRegistry registry https://registry.npmjs.org/
47 silly mapToRegistry data Result {
47 silly mapToRegistry   raw: 'laravel-mix',
47 silly mapToRegistry   scope: null,
47 silly mapToRegistry   escapedName: 'laravel-mix',
47 silly mapToRegistry   name: 'laravel-mix',
47 silly mapToRegistry   rawSpec: '',
47 silly mapToRegistry   spec: 'latest',
47 silly mapToRegistry   type: 'tag' }
48 silly mapToRegistry uri https://registry.npmjs.org/laravel-mix
49 silly fetchNamedPackageData lodash
50 silly mapToRegistry name lodash
51 silly mapToRegistry using default registry
52 silly mapToRegistry registry https://registry.npmjs.org/
53 silly mapToRegistry data Result {
53 silly mapToRegistry   raw: 'lodash',
53 silly mapToRegistry   scope: null,
53 silly mapToRegistry   escapedName: 'lodash',
53 silly mapToRegistry   name: 'lodash',
53 silly mapToRegistry   rawSpec: '',
53 silly mapToRegistry   spec: 'latest',
53 silly mapToRegistry   type: 'tag' }
54 silly mapToRegistry uri https://registry.npmjs.org/lodash
55 silly fetchNamedPackageData vue
56 silly mapToRegistry name vue
57 silly mapToRegistry using default registry
58 silly mapToRegistry registry https://registry.npmjs.org/
59 silly mapToRegistry data Result {
59 silly mapToRegistry   raw: 'vue',
59 silly mapToRegistry   scope: null,
59 silly mapToRegistry   escapedName: 'vue',
59 silly mapToRegistry   name: 'vue',
59 silly mapToRegistry   rawSpec: '',
59 silly mapToRegistry   spec: 'latest',
59 silly mapToRegistry   type: 'tag' }
60 silly mapToRegistry uri https://registry.npmjs.org/vue
61 verbose request uri https://registry.npmjs.org/axios
62 verbose request no auth needed
63 info attempt registry request try #1 at 01:41:34
64 verbose request id bddc41139c9ce408
65 http request GET https://registry.npmjs.org/axios
66 verbose request uri https://registry.npmjs.org/cross-env
67 verbose request no auth needed
68 info attempt registry request try #1 at 01:41:34
69 http request GET https://registry.npmjs.org/cross-env
70 verbose request uri https://registry.npmjs.org/jquery
71 verbose request no auth needed
72 info attempt registry request try #1 at 01:41:34
73 http request GET https://registry.npmjs.org/jquery
74 verbose request uri https://registry.npmjs.org/laravel-mix
75 verbose request no auth needed
76 info attempt registry request try #1 at 01:41:34
77 http request GET https://registry.npmjs.org/laravel-mix
78 verbose request uri https://registry.npmjs.org/vue
79 verbose request no auth needed
80 info attempt registry request try #1 at 01:41:34
81 http request GET https://registry.npmjs.org/vue
82 info retry will retry, error on last attempt: Error: getaddrinfo ENOENT registry.npmjs.org:443
83 info retry will retry, error on last attempt: Error: getaddrinfo ENOENT registry.npmjs.org:443
84 info retry will retry, error on last attempt: Error: getaddrinfo ENOENT registry.npmjs.org:443
85 info retry will retry, error on last attempt: Error: getaddrinfo ENOENT registry.npmjs.org:443
86 info retry will retry, error on last attempt: Error: getaddrinfo ENOENT registry.npmjs.org:443
87 verbose request uri https://registry.npmjs.org/bootstrap-sass
88 verbose request no auth needed
89 info attempt registry request try #1 at 01:41:35
90 verbose etag W/"59878e67-712a"
91 verbose lastModified Sun, 06 Aug 2017 21:47:19 GMT
92 http request GET https://registry.npmjs.org/bootstrap-sass
93 verbose request uri https://registry.npmjs.org/lodash
94 verbose request no auth needed
95 info attempt registry request try #1 at 01:41:35
96 verbose etag W/"59e1195b-2a074"
97 verbose lastModified Fri, 13 Oct 2017 19:51:55 GMT
98 http request GET https://registry.npmjs.org/lodash
99 info retry will retry, error on last attempt: Error: getaddrinfo ENOENT registry.npmjs.org:443
100 info retry will retry, error on last attempt: Error: getaddrinfo ENOENT registry.npmjs.org:443
101 info attempt registry request try #2 at 01:41:45
102 http request GET https://registry.npmjs.org/axios
103 info attempt registry request try #2 at 01:41:45
104 http request GET https://registry.npmjs.org/cross-env
105 info attempt registry request try #2 at 01:41:45
106 http request GET https://registry.npmjs.org/jquery
107 info attempt registry request try #2 at 01:41:45
108 http request GET https://registry.npmjs.org/laravel-mix
109 info attempt registry request try #2 at 01:41:45
110 http request GET https://registry.npmjs.org/vue
111 info attempt registry request try #2 at 01:41:45
112 verbose etag W/"59878e67-712a"
113 verbose lastModified Sun, 06 Aug 2017 21:47:19 GMT
114 http request GET https://registry.npmjs.org/bootstrap-sass
115 info attempt registry request try #2 at 01:41:45
116 verbose etag W/"59e1195b-2a074"
117 verbose lastModified Fri, 13 Oct 2017 19:51:55 GMT
118 http request GET https://registry.npmjs.org/lodash
119 info retry will retry, error on last attempt: Error: getaddrinfo ENOENT registry.npmjs.org:443
120 info retry will retry, error on last attempt: Error: getaddrinfo ENOENT registry.npmjs.org:443
121 info retry will retry, error on last attempt: Error: getaddrinfo ENOENT registry.npmjs.org:443
122 info retry will retry, error on last attempt: Error: getaddrinfo ENOENT registry.npmjs.org:443
123 info retry will retry, error on last attempt: Error: getaddrinfo ENOENT registry.npmjs.org:443
124 info retry will retry, error on last attempt: Error: getaddrinfo ENOENT registry.npmjs.org:443
125 info retry will retry, error on last attempt: Error: getaddrinfo ENOENT registry.npmjs.org:443
126 verbose stack Error: kill ENOSYS
126 verbose stack     at exports._errnoException (util.js:1022:11)
126 verbose stack     at process.kill (internal/process.js:172:13)
126 verbose stack     at process.listener (C:\Program Files\nodejs\node_modules\npm\node_modules\npmlog\node_modules\gauge\node_modules\signal-exit\index.js:86:15)
126 verbose stack     at emitNone (events.js:91:20)
126 verbose stack     at process.emit (events.js:185:7)
126 verbose stack     at processEmit (C:\Program Files\nodejs\node_modules\npm\node_modules\npmlog\node_modules\gauge\node_modules\signal-exit\index.js:146:32)
126 verbose stack     at processEmit (C:\Program Files\nodejs\node_modules\npm\node_modules\npm-registry-client\node_modules\npmlog\node_modules\gauge\node_modules\signal-exit\index.js:146:32)
126 verbose stack     at Signal.wrap.onsignal (internal/process.js:199:44)
127 verbose cwd C:\xampp\htdocs\24packegs
128 error Windows_NT 10.0.15063
129 error argv "C:\\Program Files\\nodejs\\node.exe" "C:\\Program Files\\nodejs\\node_modules\\npm\\bin\\npm-cli.js" "install"
130 error node v6.9.5
131 error npm  v3.10.10
132 error code ENOSYS
133 error errno ENOSYS
134 error syscall kill
135 error kill ENOSYS
136 error If you need help, you may report this error at:
136 error     <https://github.com/npm/npm/issues>
137 verbose exit [ 1, true ]
